2025-11-07T20:29:13:    ▲ Next.js 16.0.0
2025-11-07T20:29:13:    - Local:        http://localhost:3000
2025-11-07T20:29:13:    - Network:      http://10.0.2.187:3000
2025-11-07T20:29:13: 
2025-11-07T20:29:13:  ✓ Starting...
2025-11-07T20:29:13:  ⚠ `eslint` configuration in next.config.mjs is no longer supported. See more info here: https://nextjs.org/docs/app/api-reference/cli/next#next-lint-options
2025-11-07T20:29:13:  ⚠ Invalid next.config.mjs options detected: 
2025-11-07T20:29:13:  ⚠     Unrecognized key(s) in object: 'eslint'
2025-11-07T20:29:13:  ⚠ See more info here: https://nextjs.org/docs/messages/invalid-next-config
2025-11-07T20:29:13:  ✓ Ready in 262ms
2025-11-07T21:03:09:    ▲ Next.js 16.0.0
2025-11-07T21:03:09:    - Local:        http://localhost:3000
2025-11-07T21:03:09:    - Network:      http://10.0.2.187:3000
2025-11-07T21:03:09: 
2025-11-07T21:03:09:  ✓ Starting...
2025-11-07T21:03:09:  ⚠ `eslint` configuration in next.config.mjs is no longer supported. See more info here: https://nextjs.org/docs/app/api-reference/cli/next#next-lint-options
2025-11-07T21:03:09:  ⚠ Invalid next.config.mjs options detected: 
2025-11-07T21:03:09:  ⚠     Unrecognized key(s) in object: 'eslint'
2025-11-07T21:03:09:  ⚠ See more info here: https://nextjs.org/docs/messages/invalid-next-config
2025-11-07T21:03:09:  ✓ Ready in 295ms
2025-11-07T21:12:24:    ▲ Next.js 16.0.0
2025-11-07T21:12:24:    - Local:        http://localhost:3000
2025-11-07T21:12:24:    - Network:      http://10.0.2.187:3000
2025-11-07T21:12:24: 
2025-11-07T21:12:24:  ✓ Starting...
2025-11-07T21:12:24:  ⚠ `eslint` configuration in next.config.mjs is no longer supported. See more info here: https://nextjs.org/docs/app/api-reference/cli/next#next-lint-options
2025-11-07T21:12:24:  ⚠ Invalid next.config.mjs options detected: 
2025-11-07T21:12:24:  ⚠     Unrecognized key(s) in object: 'eslint'
2025-11-07T21:12:24:  ⚠ See more info here: https://nextjs.org/docs/messages/invalid-next-config
2025-11-07T21:12:24:  ✓ Ready in 263ms
2025-11-07T21:17:50:    ▲ Next.js 16.0.0
2025-11-07T21:17:50:    - Local:        http://localhost:3000
2025-11-07T21:17:50:    - Network:      http://10.0.2.187:3000
2025-11-07T21:17:50: 
2025-11-07T21:17:50:  ✓ Starting...
2025-11-07T21:17:50:  ⚠ `eslint` configuration in next.config.mjs is no longer supported. See more info here: https://nextjs.org/docs/app/api-reference/cli/next#next-lint-options
2025-11-07T21:17:50:  ⚠ Invalid next.config.mjs options detected: 
2025-11-07T21:17:50:  ⚠     Unrecognized key(s) in object: 'eslint'
2025-11-07T21:17:50:  ⚠ See more info here: https://nextjs.org/docs/messages/invalid-next-config
2025-11-07T21:17:50:  ✓ Ready in 290ms
2025-11-08T00:41:47:    ▲ Next.js 16.0.0
2025-11-08T00:41:47:    - Local:        http://localhost:3000
2025-11-08T00:41:47:    - Network:      http://10.0.0.167:3000
2025-11-08T00:41:47: 
2025-11-08T00:41:47:  ✓ Starting...
2025-11-08T00:41:47:  ⚠ `eslint` configuration in next.config.mjs is no longer supported. See more info here: https://nextjs.org/docs/app/api-reference/cli/next#next-lint-options
2025-11-08T00:41:47:  ⚠ Invalid next.config.mjs options detected: 
2025-11-08T00:41:47:  ⚠     Unrecognized key(s) in object: 'eslint'
2025-11-08T00:41:47:  ⚠ See more info here: https://nextjs.org/docs/messages/invalid-next-config
2025-11-08T00:41:47:  ✓ Ready in 273ms
2025-11-08T00:45:59:    ▲ Next.js 16.0.0
2025-11-08T00:45:59:    - Local:        http://localhost:3000
2025-11-08T00:45:59:    - Network:      http://10.0.0.167:3000
2025-11-08T00:45:59: 
2025-11-08T00:45:59:  ✓ Starting...
2025-11-08T00:45:59:  ⚠ `eslint` configuration in next.config.mjs is no longer supported. See more info here: https://nextjs.org/docs/app/api-reference/cli/next#next-lint-options
2025-11-08T00:45:59:  ⚠ Invalid next.config.mjs options detected: 
2025-11-08T00:45:59:  ⚠     Unrecognized key(s) in object: 'eslint'
2025-11-08T00:45:59:  ⚠ See more info here: https://nextjs.org/docs/messages/invalid-next-config
2025-11-08T00:45:59:  ✓ Ready in 261ms
2025-11-08T00:48:02:    ▲ Next.js 16.0.0
2025-11-08T00:48:02:    - Local:        http://localhost:3000
2025-11-08T00:48:02:    - Network:      http://10.0.0.167:3000
2025-11-08T00:48:02: 
2025-11-08T00:48:02:  ✓ Starting...
2025-11-08T00:48:02:  ⚠ `eslint` configuration in next.config.mjs is no longer supported. See more info here: https://nextjs.org/docs/app/api-reference/cli/next#next-lint-options
2025-11-08T00:48:02:  ⚠ Invalid next.config.mjs options detected: 
2025-11-08T00:48:02:  ⚠     Unrecognized key(s) in object: 'eslint'
2025-11-08T00:48:02:  ⚠ See more info here: https://nextjs.org/docs/messages/invalid-next-config
2025-11-08T00:48:02:  ✓ Ready in 256ms
2025-11-08T00:50:18:    ▲ Next.js 16.0.0
2025-11-08T00:50:18:    - Local:        http://localhost:3000
2025-11-08T00:50:18:    - Network:      http://10.0.0.167:3000
2025-11-08T00:50:18: 
2025-11-08T00:50:18:  ✓ Starting...
2025-11-08T00:50:18:  ⚠ `eslint` configuration in next.config.mjs is no longer supported. See more info here: https://nextjs.org/docs/app/api-reference/cli/next#next-lint-options
2025-11-08T00:50:18:  ⚠ Invalid next.config.mjs options detected: 
2025-11-08T00:50:18:  ⚠     Unrecognized key(s) in object: 'eslint'
2025-11-08T00:50:18:  ⚠ See more info here: https://nextjs.org/docs/messages/invalid-next-config
2025-11-08T00:50:18:  ✓ Ready in 262ms
2025-11-08T00:51:54:    ▲ Next.js 16.0.0
2025-11-08T00:51:54:    - Local:        http://localhost:3000
2025-11-08T00:51:54:    - Network:      http://10.0.0.167:3000
2025-11-08T00:51:54: 
2025-11-08T00:51:54:  ✓ Starting...
2025-11-08T00:51:54:  ⚠ `eslint` configuration in next.config.mjs is no longer supported. See more info here: https://nextjs.org/docs/app/api-reference/cli/next#next-lint-options
2025-11-08T00:51:54:  ⚠ Invalid next.config.mjs options detected: 
2025-11-08T00:51:54:  ⚠     Unrecognized key(s) in object: 'eslint'
2025-11-08T00:51:54:  ⚠ See more info here: https://nextjs.org/docs/messages/invalid-next-config
2025-11-08T00:51:54:  ✓ Ready in 267ms
2025-11-08T00:53:20:    ▲ Next.js 16.0.0
2025-11-08T00:53:20:    - Local:        http://localhost:3000
2025-11-08T00:53:20:    - Network:      http://10.0.0.167:3000
2025-11-08T00:53:20: 
2025-11-08T00:53:20:  ✓ Starting...
2025-11-08T00:53:20:  ⚠ `eslint` configuration in next.config.mjs is no longer supported. See more info here: https://nextjs.org/docs/app/api-reference/cli/next#next-lint-options
2025-11-08T00:53:20:  ⚠ Invalid next.config.mjs options detected: 
2025-11-08T00:53:20:  ⚠     Unrecognized key(s) in object: 'eslint'
2025-11-08T00:53:20:  ⚠ See more info here: https://nextjs.org/docs/messages/invalid-next-config
2025-11-08T00:53:21:  ✓ Ready in 305ms
2025-11-08T00:55:09:    ▲ Next.js 16.0.0
2025-11-08T00:55:09:    - Local:        http://localhost:3000
2025-11-08T00:55:09:    - Network:      http://10.0.0.167:3000
2025-11-08T00:55:09: 
2025-11-08T00:55:09:  ✓ Starting...
2025-11-08T00:55:09:  ⚠ `eslint` configuration in next.config.mjs is no longer supported. See more info here: https://nextjs.org/docs/app/api-reference/cli/next#next-lint-options
2025-11-08T00:55:09:  ⚠ Invalid next.config.mjs options detected: 
2025-11-08T00:55:09:  ⚠     Unrecognized key(s) in object: 'eslint'
2025-11-08T00:55:09:  ⚠ See more info here: https://nextjs.org/docs/messages/invalid-next-config
2025-11-08T00:55:09:  ✓ Ready in 256ms
2025-11-08T00:56:51:    ▲ Next.js 16.0.0
2025-11-08T00:56:51:    - Local:        http://localhost:3000
2025-11-08T00:56:51:    - Network:      http://10.0.0.167:3000
2025-11-08T00:56:51: 
2025-11-08T00:56:51:  ✓ Starting...
2025-11-08T00:56:51:  ⚠ `eslint` configuration in next.config.mjs is no longer supported. See more info here: https://nextjs.org/docs/app/api-reference/cli/next#next-lint-options
2025-11-08T00:56:51:  ⚠ Invalid next.config.mjs options detected: 
2025-11-08T00:56:51:  ⚠     Unrecognized key(s) in object: 'eslint'
2025-11-08T00:56:51:  ⚠ See more info here: https://nextjs.org/docs/messages/invalid-next-config
2025-11-08T00:56:51:  ✓ Ready in 280ms
2025-11-08T00:58:51:    ▲ Next.js 16.0.0
2025-11-08T00:58:51:    - Local:        http://localhost:3000
2025-11-08T00:58:51:    - Network:      http://10.0.0.167:3000
2025-11-08T00:58:51: 
2025-11-08T00:58:51:  ✓ Starting...
2025-11-08T00:58:51:  ⚠ `eslint` configuration in next.config.mjs is no longer supported. See more info here: https://nextjs.org/docs/app/api-reference/cli/next#next-lint-options
2025-11-08T00:58:51:  ⚠ Invalid next.config.mjs options detected: 
2025-11-08T00:58:51:  ⚠     Unrecognized key(s) in object: 'eslint'
2025-11-08T00:58:51:  ⚠ See more info here: https://nextjs.org/docs/messages/invalid-next-config
2025-11-08T00:58:51:  ✓ Ready in 280ms
2025-11-08T02:52:31:    ▲ Next.js 16.0.0
2025-11-08T02:52:31:    - Local:        http://localhost:3000
2025-11-08T02:52:31:    - Network:      http://10.0.0.224:3000
2025-11-08T02:52:31: 
2025-11-08T02:52:31:  ✓ Starting...
2025-11-08T02:52:31:  ⚠ `eslint` configuration in next.config.mjs is no longer supported. See more info here: https://nextjs.org/docs/app/api-reference/cli/next#next-lint-options
2025-11-08T02:52:31:  ⚠ Invalid next.config.mjs options detected: 
2025-11-08T02:52:31:  ⚠     Unrecognized key(s) in object: 'eslint'
2025-11-08T02:52:31:  ⚠ See more info here: https://nextjs.org/docs/messages/invalid-next-config
2025-11-08T02:52:31:  ✓ Ready in 334ms
2025-11-08T02:55:35:    ▲ Next.js 16.0.0
2025-11-08T02:55:35:    - Local:        http://localhost:3000
2025-11-08T02:55:35:    - Network:      http://10.0.0.224:3000
2025-11-08T02:55:35: 
2025-11-08T02:55:35:  ✓ Starting...
2025-11-08T02:55:35:  ⚠ `eslint` configuration in next.config.mjs is no longer supported. See more info here: https://nextjs.org/docs/app/api-reference/cli/next#next-lint-options
2025-11-08T02:55:35:  ⚠ Invalid next.config.mjs options detected: 
2025-11-08T02:55:35:  ⚠     Unrecognized key(s) in object: 'eslint'
2025-11-08T02:55:35:  ⚠ See more info here: https://nextjs.org/docs/messages/invalid-next-config
2025-11-08T02:55:35:  ✓ Ready in 266ms
2025-11-08T02:57:04:    ▲ Next.js 16.0.0
2025-11-08T02:57:04:    - Local:        http://localhost:3000
2025-11-08T02:57:04:    - Network:      http://10.0.0.224:3000
2025-11-08T02:57:04: 
2025-11-08T02:57:04:  ✓ Starting...
2025-11-08T02:57:04:  ⚠ `eslint` configuration in next.config.mjs is no longer supported. See more info here: https://nextjs.org/docs/app/api-reference/cli/next#next-lint-options
2025-11-08T02:57:04:  ⚠ Invalid next.config.mjs options detected: 
2025-11-08T02:57:04:  ⚠     Unrecognized key(s) in object: 'eslint'
2025-11-08T02:57:04:  ⚠ See more info here: https://nextjs.org/docs/messages/invalid-next-config
2025-11-08T02:57:05:  ✓ Ready in 300ms
2025-11-08T03:05:03:    ▲ Next.js 16.0.0
2025-11-08T03:05:03:    - Local:        http://localhost:3000
2025-11-08T03:05:03:    - Network:      http://10.0.0.224:3000
2025-11-08T03:05:03: 
2025-11-08T03:05:03:  ✓ Starting...
2025-11-08T03:05:03:  ⚠ `eslint` configuration in next.config.mjs is no longer supported. See more info here: https://nextjs.org/docs/app/api-reference/cli/next#next-lint-options
2025-11-08T03:05:03:  ⚠ Invalid next.config.mjs options detected: 
2025-11-08T03:05:03:  ⚠     Unrecognized key(s) in object: 'eslint'
2025-11-08T03:05:03:  ⚠ See more info here: https://nextjs.org/docs/messages/invalid-next-config
2025-11-08T03:05:04:  ✓ Ready in 263ms
